<?xml version="1.0" encoding="UTF-8"?>
<testng-results skipped="0" failed="0" ignored="0" total="2" passed="2">
  <reporter-output>
  </reporter-output>
  <suite name="Default suite" duration-ms="68" started-at="2022-03-05T07:08:30 UTC" finished-at="2022-03-05T07:08:30 UTC">
    <groups>
    </groups>
    <test name="Default test" duration-ms="68" started-at="2022-03-05T07:08:30 UTC" finished-at="2022-03-05T07:08:30 UTC">
      <class name="test.HomePageTest">
        <test-method status="PASS" signature="test6()[pri:0, instance:test.HomePageTest@2a17b7b6]" name="test6" duration-ms="18" started-at="2022-03-05T07:08:30 UTC" finished-at="2022-03-05T07:08:30 UTC">
          <reporter-output>
          </reporter-output>
        </test-method> <!-- test6 -->
        <test-method status="PASS" signature="test3()[pri:0, instance:test.HomePageTest@2a17b7b6]" name="test3" duration-ms="1" started-at="2022-03-05T07:08:30 UTC" depends-on-methods="test.HomePageTest.test6" finished-at="2022-03-05T07:08:30 UTC">
          <reporter-output>
          </reporter-output>
        </test-method> <!-- test3 -->
      </class> <!-- test.HomePageTest -->
    </test> <!-- Default test -->
  </suite> <!-- Default suite -->
</testng-results>
