<?xml version="1.0" encoding="UTF-8"?>
<!-- Generated by org.testng.reporters.JUnitXMLReporter -->
<testsuite hostname="ip-172-31-16-114" ignored="2" name="Test" tests="2" failures="0" timestamp="2022-03-05T06:29:44 UTC" time="0.057" errors="0">
  <testcase name="test4" time="0.006" classname="test.CheckOutTest"/>
  <testcase name="test1" time="0.002" classname="test.AnnotationExample"/>
  <testcase name="test2" time="0.0" classname="test.AnnotationExample">
    <ignored/>
  </testcase> <!-- test2 -->
  <testcase name="test3" time="0.0" classname="test.HomePageTest">
    <ignored/>
  </testcase> <!-- test3 -->
</testsuite> <!-- Test -->
